<?xml version="1.0" encoding="UTF-8"?>
<testsuite xmlns:xsi="http://www.w3.org/2001/XMLSchema-instance" xsi:schemaLocation="https://maven.apache.org/surefire/maven-surefire-plugin/xsd/surefire-test-report.xsd" name="com.cp.test.SudokuFieldTest" time="0" tests="4" errors="0" skipped="0" failures="0">
  <properties>
[...]
</properties>
  <testcase name="testSetFieldValueNonValid" classname="com.cp.test.SudokuFieldTest" time="0"/>
  <testcase name="testSetFieldValueOk" classname="com.cp.test.SudokuFieldTest" time="0"/>
  <testcase name="testSudokuFieldConstructorOk" classname="com.cp.test.SudokuFieldTest" time="0"/>
  <testcase name="testSudokuFieldConstructorNonValid" classname="com.cp.test.SudokuFieldTest" time="0"/>
</testsuite>